{"C:\\Users\\jonat\\csc307-react-app\\testing\\sample-functions.js": {"path":"C:\\Users\\jonat\\csc307-react-app\\testing\\sample-functions.js","statementMap":{"0":{"start":{"line":3,"column":4},"end":{"line":3,"column":17}},"1":{"start":{"line":8,"column":4},"end":{"line":9,"column":21}},"2":{"start":{"line":9,"column":8},"end":{"line":9,"column":21}},"3":{"start":{"line":10,"column":4},"end":{"line":10,"column":17}},"4":{"start":{"line":16,"column":4},"end":{"line":21,"column":5}},"5":{"start":{"line":16,"column":17},"end":{"line":16,"column":18}},"6":{"start":{"line":18,"column":8},"end":{"line":19,"column":24}},"7":{"start":{"line":19,"column":12},"end":{"line":19,"column":24}},"8":{"start":{"line":23,"column":4},"end":{"line":23,"column":17}},"9":{"start":{"line":27,"column":0},"end":{"line":27,"column":22}},"10":{"start":{"line":28,"column":0},"end":{"line":28,"column":22}},"11":{"start":{"line":29,"column":0},"end":{"line":29,"column":42}}},"fnMap":{"0":{"name":"mySum","decl":{"start":{"line":1,"column":9},"end":{"line":1,"column":14}},"loc":{"start":{"line":1,"column":21},"end":{"line":5,"column":1}},"line":1},"1":{"name":"myDiv","decl":{"start":{"line":7,"column":9},"end":{"line":7,"column":14}},"loc":{"start":{"line":7,"column":21},"end":{"line":12,"column":3}},"line":7},"2":{"name":"containsNumbers","decl":{"start":{"line":14,"column":9},"end":{"line":14,"column":24}},"loc":{"start":{"line":14,"column":30},"end":{"line":25,"column":1}},"line":14}},"branchMap":{"0":{"loc":{"start":{"line":8,"column":4},"end":{"line":9,"column":21}},"type":"if","locations":[{"start":{"line":8,"column":4},"end":{"line":9,"column":21}},{"start":{},"end":{}}],"line":8},"1":{"loc":{"start":{"line":18,"column":8},"end":{"line":19,"column":24}},"type":"if","locations":[{"start":{"line":18,"column":8},"end":{"line":19,"column":24}},{"start":{},"end":{}}],"line":18}},"s":{"0":1,"1":3,"2":1,"3":2,"4":1,"5":1,"6":3,"7":0,"8":1,"9":1,"10":1,"11":1},"f":{"0":1,"1":3,"2":1},"b":{"0":[1,2],"1":[0,3]},"_coverageSchema":"1a1c01bbd47fc00a2c39e90264f33305004495a9","hash":"2297be9139855c0267c8ff23c296c80667de3960"}
}
